daemon started with pid: 9499
Express server listening on port 3000
[90mGET / [32m200 [90m112ms - 451[0m
[90mGET /stylesheets/style.css [32m200 [90m623ms - 2.87kb[0m
[90mGET /notes [32m200 [90m41ms - 11.25kb[0m
[90mGET /stylesheets/style.css [36m304 [90m3ms[0m
finding notes: 16
found: [object Object]
[90mGET /notes/16 [32m200 [90m30ms - 759[0m
[90mGET /stylesheets/style.css [36m304 [90m4ms[0m
[90mGET /resume [32m200 [90m99ms - 10.35kb[0m
[90mGET /stylesheets/style.css [36m304 [90m3ms[0m
[90mGET /resume [32m200 [90m68ms - 10.49kb[0m
[90mGET /stylesheets/style.css [36m304 [90m4ms[0m
[90mGET /javascripts/jqueryi-1.7.2.js [33m404 [90m1ms[0m
[90mGET /javascripts/accordion.js [32m200 [90m2ms - 52[0m
daemon started with pid: 9618
Express server listening on port 3000
[90mGET /resume [32m200 [90m184ms - 10.66kb[0m
[90mGET /javascripts/jqueryi-1.7.2.js [33m404 [90m552ms[0m
[90mGET /javascripts/accordion.js [36m304 [90m550ms[0m
[90mGET /stylesheets/style.css [32m200 [90m560ms - 2.87kb[0m
[90mGET /javascripts/accordion.js [36m304 [90m4ms[0m
[90mGET /javascripts/jqueryi-1.7.2.js [33m404 [90m2ms[0m
[90mGET /javascripts/jqueryi-1.7.2.js [33m404 [90m1ms[0m
[90mGET /resume [32m200 [90m99ms - 10.66kb[0m
[90mGET /javascripts/jquery-1.7.2.js [32m200 [90m586ms - 246.95kb[0m
[90mGET /resume [36m304 [90m57ms[0m
[90mGET /stylesheets/style.css [36m304 [90m3ms[0m
[90mGET /javascripts/jquery-1.7.2.js [36m304 [90m1ms[0m
[90mGET /javascripts/accordion.js [36m304 [90m3ms[0m
[90mGET /resume [32m200 [90m66ms - 10.66kb[0m
[90mGET /stylesheets/style.css [36m304 [90m3ms[0m
[90mGET /javascripts/jquery-1.7.2.js [36m304 [90m1ms[0m
[90mGET /javascripts/accordion.js [36m304 [90m1ms[0m
[90mGET /resume [36m304 [90m40ms[0m
[90mGET /stylesheets/style.css [36m304 [90m3ms[0m
[90mGET /javascripts/jquery-1.7.2.js [36m304 [90m1ms[0m
[90mGET /javascripts/accordion.js [36m304 [90m1ms[0m
[90mGET /resume [36m304 [90m56ms[0m
[90mGET /stylesheets/style.css [36m304 [90m2ms[0m
[90mGET /javascripts/jquery-1.7.2.js [36m304 [90m2ms[0m
[90mGET /javascripts/accordion.js [36m304 [90m1ms[0m
[90mGET /resume [36m304 [90m66ms[0m
[90mGET /stylesheets/style.css [36m304 [90m3ms[0m
[90mGET /javascripts/jquery-1.7.2.js [36m304 [90m2ms[0m
[90mGET /javascripts/accordion.js [32m200 [90m3ms - 74[0m
[90mGET /resume [36m304 [90m101ms[0m
[90mGET /javascripts/jquery-1.7.2.js [36m304 [90m50ms[0m
[90mGET /javascripts/accordion.js [32m200 [90m50ms - 17.54kb[0m
[90mGET /stylesheets/style.css [36m304 [90m49ms[0m
[90mGET /resume [36m304 [90m89ms[0m
[90mGET /javascripts/accordion.js [36m304 [90m1ms[0m
[90mGET /resume [36m304 [90m51ms[0m
[90mGET /stylesheets/style.css [36m304 [90m2ms[0m
[90mGET /javascripts/jquery-1.7.2.js [36m304 [90m1ms[0m
[90mGET /javascripts/accordion.js [36m304 [90m1ms[0m
[90mGET /resume [36m304 [90m12ms[0m
[90mGET /stylesheets/style.css [36m304 [90m2ms[0m
[90mGET /javascripts/jquery-1.7.2.js [36m304 [90m1ms[0m
[90mGET /javascripts/accordion.js [36m304 [90m1ms[0m
[90mGET /resume [36m304 [90m13ms[0m
[90mGET /stylesheets/style.css [36m304 [90m2ms[0m
[90mGET /javascripts/jquery-1.7.2.js [36m304 [90m0ms[0m
[90mGET /javascripts/accordion.js [36m304 [90m1ms[0m
[90mGET /resume [36m304 [90m12ms[0m
[90mGET /stylesheets/style.css [36m304 [90m3ms[0m
[90mGET /javascripts/jquery-1.7.2.js [36m304 [90m2ms[0m
[90mGET /javascripts/accordion.js [36m304 [90m1ms[0m
[90mGET /resume [32m200 [90m28ms - 10.94kb[0m
[90mGET /stylesheets/jquery.ui.all.css [32m200 [90m2ms - 292[0m
[90mGET /javascripts/jquery.ui.core.js [32m200 [90m4ms - 8.65kb[0m
[90mGET /javascripts/jquery.ui.widget.js [32m200 [90m4ms - 6.84kb[0m
[90mGET /javascripts/jquery.ui.accordion.js [32m200 [90m1ms - 15.86kb[0m
[90mGET /stylesheets/style.css [36m304 [90m4ms[0m
[90mGET /javascripts/accordion.js [32m200 [90m1ms - 74[0m
[90mGET /stylesheets/jquery.ui.base.css [33m404 [90m1ms[0m
[90mGET /stylesheets/jquery.ui.theme.css [33m404 [90m1ms[0m
[90mGET /javascripts/jquery-1.8.2.js [32m200 [90m465ms - 260.63kb[0m
[90mGET /resume [32m200 [90m23ms - 10.94kb[0m
[90mGET /stylesheets/style.css [36m304 [90m3ms[0m
[90mGET /stylesheets/jquery.ui.all.css [36m304 [90m2ms[0m
[90mGET /javascripts/jquery.ui.core.js [36m304 [90m4ms[0m
[90mGET /javascripts/jquery-1.8.2.js [36m304 [90m4ms[0m
[90mGET /javascripts/jquery.ui.widget.js [36m304 [90m4ms[0m
[90mGET /javascripts/jquery.ui.accordion.js [36m304 [90m3ms[0m
[90mGET /javascripts/accordion.js [36m304 [90m1ms[0m
[90mGET /stylesheets/jquery.ui.base.css [33m404 [90m1ms[0m
[90mGET /stylesheets/jquery.ui.theme.css [33m404 [90m0ms[0m
[90mGET /resume [32m200 [90m55ms - 10.94kb[0m
[90mGET /stylesheets/style.css [36m304 [90m3ms[0m
[90mGET /stylesheets/jquery.ui.all.css [36m304 [90m2ms[0m
[90mGET /javascripts/jquery.ui.core.js [36m304 [90m2ms[0m
[90mGET /javascripts/jquery-1.8.2.js [36m304 [90m3ms[0m
[90mGET /javascripts/jquery.ui.accordion.js [36m304 [90m3ms[0m
[90mGET /javascripts/jquery.ui.widget.js [36m304 [90m2ms[0m
[90mGET /javascripts/accordion.js [36m304 [90m1ms[0m
[90mGET /stylesheets/jquery.ui.base.css [33m404 [90m1ms[0m
[90mGET /stylesheets/jquery.ui.theme.css [33m404 [90m0ms[0m
[90mGET /resume [36m304 [90m38ms[0m
[90mGET /stylesheets/style.css [36m304 [90m2ms[0m
[90mGET /stylesheets/jquery.ui.all.css [36m304 [90m2ms[0m
[90mGET /javascripts/jquery.ui.core.js [36m304 [90m3ms[0m
[90mGET /javascripts/jquery-1.8.2.js [36m304 [90m3ms[0m
[90mGET /javascripts/jquery.ui.widget.js [36m304 [90m3ms[0m
[90mGET /javascripts/jquery.ui.accordion.js [32m200 [90m4ms - 15.86kb[0m
[90mGET /javascripts/accordion.js [36m304 [90m0ms[0m
[90mGET /stylesheets/jquery.ui.base.css [33m404 [90m1ms[0m
[90mGET /stylesheets/jquery.ui.theme.css [33m404 [90m1ms[0m
[90mGET /resume [36m304 [90m49ms[0m
[90mGET /stylesheets/style.css [36m304 [90m2ms[0m
[90mGET /stylesheets/jquery.ui.all.css [36m304 [90m3ms[0m
[90mGET /javascripts/jquery.ui.accordion.js [36m304 [90m4ms[0m
[90mGET /javascripts/jquery.ui.widget.js [36m304 [90m4ms[0m
[90mGET /javascripts/jquery-1.8.2.js [36m304 [90m4ms[0m
[90mGET /javascripts/jquery.ui.core.js [36m304 [90m4ms[0m
[90mGET /javascripts/accordion.js [36m304 [90m1ms[0m
[90mGET /stylesheets/jquery.ui.base.css [33m404 [90m2ms[0m
[90mGET /stylesheets/jquery.ui.theme.css [33m404 [90m2ms[0m
[90mGET /resume [36m304 [90m63ms[0m
[90mGET /stylesheets/style.css [36m304 [90m3ms[0m
[90mGET /javascripts/jquery.ui.core.js [36m304 [90m1ms[0m
[90mGET /javascripts/jquery.ui.widget.js [36m304 [90m4ms[0m
[90mGET /javascripts/jquery-1.8.2.js [36m304 [90m3ms[0m
[90mGET /stylesheets/jquery.ui.all.css [36m304 [90m3ms[0m
[90mGET /javascripts/jquery.ui.accordion.js [32m200 [90m3ms - 15.89kb[0m
[90mGET /javascripts/accordion.js [36m304 [90m1ms[0m
[90mGET /stylesheets/jquery.ui.theme.css [33m404 [90m1ms[0m
[90mGET /stylesheets/jquery.ui.base.css [33m404 [90m1ms[0m
[90mGET /resume [36m304 [90m15ms[0m
[90mGET /stylesheets/style.css [36m304 [90m2ms[0m
[90mGET /javascripts/jquery-1.8.2.js [36m304 [90m2ms[0m
[90mGET /stylesheets/jquery.ui.all.css [36m304 [90m3ms[0m
[90mGET /javascripts/jquery.ui.accordion.js [36m304 [90m3ms[0m
[90mGET /javascripts/jquery.ui.widget.js [36m304 [90m3ms[0m
[90mGET /javascripts/jquery.ui.core.js [36m304 [90m2ms[0m
[90mGET /javascripts/accordion.js [36m304 [90m0ms[0m
[90mGET /stylesheets/jquery.ui.theme.css [33m404 [90m1ms[0m
[90mGET /stylesheets/jquery.ui.base.css [33m404 [90m0ms[0m
[90mGET /resume [36m304 [90m47ms[0m
[90mGET /stylesheets/style.css [36m304 [90m2ms[0m
[90mGET /stylesheets/jquery.ui.all.css [36m304 [90m2ms[0m
[90mGET /javascripts/jquery.ui.accordion.js [36m304 [90m3ms[0m
[90mGET /javascripts/jquery-1.8.2.js [36m304 [90m2ms[0m
[90mGET /javascripts/jquery.ui.core.js [36m304 [90m2ms[0m
[90mGET /javascripts/jquery.ui.widget.js [36m304 [90m3ms[0m
[90mGET /javascripts/accordion.js [36m304 [90m1ms[0m
[90mGET /stylesheets/jquery.ui.theme.css [33m404 [90m1ms[0m
[90mGET /stylesheets/jquery.ui.base.css [33m404 [90m1ms[0m
[90mGET /resume [36m304 [90m47ms[0m
[90mGET /stylesheets/style.css [36m304 [90m5ms[0m
[90mGET /stylesheets/jquery.ui.all.css [36m304 [90m3ms[0m
[90mGET /javascripts/jquery.ui.widget.js [36m304 [90m3ms[0m
[90mGET /javascripts/jquery.ui.accordion.js [36m304 [90m3ms[0m
[90mGET /javascripts/jquery-1.8.2.js [36m304 [90m3ms[0m
[90mGET /javascripts/jquery.ui.core.js [36m304 [90m2ms[0m
[90mGET /javascripts/accordion.js [36m304 [90m0ms[0m
[90mGET /stylesheets/jquery.ui.theme.css [33m404 [90m1ms[0m
[90mGET /stylesheets/jquery.ui.base.css [33m404 [90m1ms[0m
[90mGET /resume [36m304 [90m53ms[0m
[90mGET /stylesheets/style.css [36m304 [90m3ms[0m
[90mGET /stylesheets/jquery.ui.all.css [36m304 [90m2ms[0m
[90mGET /javascripts/jquery.ui.accordion.js [36m304 [90m2ms[0m
[90mGET /javascripts/jquery.ui.widget.js [36m304 [90m2ms[0m
[90mGET /javascripts/jquery-1.8.2.js [36m304 [90m3ms[0m
[90mGET /javascripts/jquery.ui.core.js [36m304 [90m2ms[0m
[90mGET /javascripts/accordion.js [36m304 [90m2ms[0m
[90mGET /stylesheets/jquery.ui.base.css [33m404 [90m1ms[0m
[90mGET /stylesheets/jquery.ui.theme.css [33m404 [90m1ms[0m
[90mGET /resume [36m304 [90m50ms[0m
[90mGET /stylesheets/style.css [36m304 [90m2ms[0m
[90mGET /stylesheets/jquery.ui.all.css [36m304 [90m4ms[0m
[90mGET /javascripts/jquery.ui.core.js [36m304 [90m4ms[0m
[90mGET /javascripts/jquery.ui.accordion.js [36m304 [90m4ms[0m
[90mGET /javascripts/jquery.ui.widget.js [36m304 [90m3ms[0m
[90mGET /javascripts/jquery-1.8.2.js [36m304 [90m3ms[0m
[90mGET /javascripts/accordion.js [36m304 [90m1ms[0m
[90mGET /stylesheets/jquery.ui.theme.css [33m404 [90m1ms[0m
[90mGET /stylesheets/jquery.ui.base.css [33m404 [90m1ms[0m
[90mGET /javascripts/jquery.ui.accordion.js [36m304 [90m2ms[0m
[90mGET /resume [36m304 [90m52ms[0m
[90mGET /stylesheets/style.css [36m304 [90m2ms[0m
[90mGET /stylesheets/jquery.ui.all.css [36m304 [90m2ms[0m
[90mGET /javascripts/jquery.ui.core.js [36m304 [90m3ms[0m
[90mGET /javascripts/jquery-1.8.2.js [36m304 [90m3ms[0m
[90mGET /javascripts/jquery.ui.widget.js [36m304 [90m2ms[0m
[90mGET /javascripts/jquery.ui.accordion.js [32m200 [90m2ms - 15.86kb[0m
[90mGET /javascripts/accordion.js [36m304 [90m1ms[0m
[90mGET /stylesheets/jquery.ui.base.css [33m404 [90m1ms[0m
[90mGET /stylesheets/jquery.ui.theme.css [33m404 [90m1ms[0m
[90mGET /resume [32m200 [90m48ms - 10.97kb[0m
[90mGET /stylesheets/style.css [36m304 [90m2ms[0m
[90mGET /javascripts/jquery-1.8.2.js [36m304 [90m1ms[0m
[90mGET /stylesheets/jquery.ui.all.css [36m304 [90m4ms[0m
[90mGET /javascripts/jquery.ui.widget.js [36m304 [90m4ms[0m
[90mGET /javascripts/jquery.ui.core.js [36m304 [90m5ms[0m
[90mGET /javascripts/jquery.ui.accordion.js [32m200 [90m5ms - 15.86kb[0m
[90mGET /javascripts/accordion.js [36m304 [90m1ms[0m
[90mGET /stylesheets/jquery.ui.base.css [33m404 [90m1ms[0m
[90mGET /stylesheets/jquery.ui.theme.css [33m404 [90m1ms[0m
[90mGET /resume [36m304 [90m65ms[0m
[90mGET /stylesheets/style.css [36m304 [90m2ms[0m
[90mGET /stylesheets/jquery.ui.all.css [36m304 [90m1ms[0m
[90mGET /javascripts/jquery-1.8.2.js [36m304 [90m2ms[0m
[90mGET /javascripts/jquery.ui.widget.js [36m304 [90m3ms[0m
[90mGET /javascripts/jquery.ui.accordion.js [36m304 [90m2ms[0m
[90mGET /javascripts/jquery.ui.core.js [36m304 [90m2ms[0m
[90mGET /javascripts/accordion.js [36m304 [90m2ms[0m
[90mGET /stylesheets/jquery.ui.theme.css [33m404 [90m1ms[0m
[90mGET /stylesheets/jquery.ui.base.css [33m404 [90m1ms[0m
[90mGET /resume [36m304 [90m50ms[0m
[90mGET /stylesheets/style.css [36m304 [90m2ms[0m
[90mGET /stylesheets/jquery.ui.all.css [36m304 [90m1ms[0m
[90mGET /javascripts/jquery-1.8.2.js [36m304 [90m3ms[0m
[90mGET /javascripts/jquery.ui.widget.js [36m304 [90m6ms[0m
[90mGET /javascripts/jquery.ui.core.js [36m304 [90m6ms[0m
[90mGET /javascripts/jquery.ui.accordion.js [32m200 [90m6ms - 15.86kb[0m
[90mGET /javascripts/accordion.js [36m304 [90m1ms[0m
[90mGET /stylesheets/jquery.ui.base.css [33m404 [90m1ms[0m
[90mGET /stylesheets/jquery.ui.theme.css [33m404 [90m1ms[0m
[90mGET /resume [36m304 [90m13ms[0m
[90mGET /stylesheets/style.css [36m304 [90m2ms[0m
[90mGET /javascripts/jquery.ui.core.js [36m304 [90m2ms[0m
[90mGET /stylesheets/jquery.ui.all.css [36m304 [90m2ms[0m
[90mGET /javascripts/jquery.ui.widget.js [36m304 [90m5ms[0m
[90mGET /javascripts/jquery-1.8.2.js [36m304 [90m4ms[0m
[90mGET /javascripts/jquery.ui.accordion.js [36m304 [90m1ms[0m
[90mGET /javascripts/accordion.js [36m304 [90m1ms[0m
[90mGET /stylesheets/jquery.ui.theme.css [33m404 [90m1ms[0m
[90mGET /stylesheets/jquery.ui.base.css [33m404 [90m2ms[0m
[90mGET /resume [36m304 [90m52ms[0m
[90mGET /stylesheets/style.css [32m200 [90m390ms - 2.98kb[0m
[90mGET /javascripts/jquery.ui.widget.js [36m304 [90m4ms[0m
[90mGET /javascripts/jquery-1.8.2.js [36m304 [90m4ms[0m
[90mGET /javascripts/jquery.ui.core.js [36m304 [90m4ms[0m
[90mGET /stylesheets/jquery.ui.all.css [36m304 [90m4ms[0m
[90mGET /javascripts/jquery.ui.accordion.js [32m200 [90m6ms - 15.86kb[0m
[90mGET /stylesheets/jquery.ui.theme.css [33m404 [90m3ms[0m
[90mGET /javascripts/accordion.js [36m304 [90m2ms[0m
[90mGET /stylesheets/jquery.ui.base.css [33m404 [90m4ms[0m
[90mGET /resume [36m304 [90m49ms[0m
[90mGET /stylesheets/style.css [32m200 [90m361ms - 2.98kb[0m
[90mGET /javascripts/jquery.ui.accordion.js [36m304 [90m28ms[0m
[90mGET /javascripts/jquery-1.8.2.js [36m304 [90m27ms[0m
[90mGET /javascripts/jquery.ui.widget.js [36m304 [90m27ms[0m
[90mGET /javascripts/jquery.ui.core.js [36m304 [90m27ms[0m
[90mGET /stylesheets/jquery.ui.all.css [36m304 [90m27ms[0m
[90mGET /javascripts/accordion.js [36m304 [90m1ms[0m
[90mGET /stylesheets/jquery.ui.theme.css [33m404 [90m2ms[0m
[90mGET /stylesheets/jquery.ui.base.css [33m404 [90m1ms[0m
[90mGET /resume [36m304 [90m37ms[0m
[90mGET /stylesheets/style.css [32m200 [90m374ms - 2.98kb[0m
[90mGET /javascripts/jquery.ui.accordion.js [36m304 [90m5ms[0m
[90mGET /javascripts/jquery-1.8.2.js [36m304 [90m29ms[0m
[90mGET /javascripts/jquery.ui.widget.js [36m304 [90m28ms[0m
[90mGET /javascripts/jquery.ui.core.js [36m304 [90m29ms[0m
[90mGET /stylesheets/jquery.ui.all.css [36m304 [90m29ms[0m
[90mGET /javascripts/accordion.js [36m304 [90m2ms[0m
[90mGET /stylesheets/jquery.ui.base.css [33m404 [90m1ms[0m
[90mGET /stylesheets/jquery.ui.theme.css [33m404 [90m1ms[0m
[90mGET /resume [32m200 [90m65ms - 10.97kb[0m
[90mGET /stylesheets/style.css [36m304 [90m3ms[0m
[90mGET /javascripts/jquery-1.8.2.js [36m304 [90m1ms[0m
[90mGET /javascripts/jquery.ui.core.js [36m304 [90m2ms[0m
[90mGET /javascripts/jquery.ui.widget.js [36m304 [90m2ms[0m
[90mGET /stylesheets/jquery.ui.all.css [36m304 [90m1ms[0m
[90mGET /javascripts/jquery.ui.accordion.js [36m304 [90m1ms[0m
[90mGET /javascripts/accordion.js [36m304 [90m1ms[0m
[90mGET /stylesheets/jquery.ui.theme.css [33m404 [90m0ms[0m
[90mGET /stylesheets/jquery.ui.base.css [33m404 [90m1ms[0m
[90mGET /resume [32m200 [90m95ms - 10.98kb[0m
[90mGET /javascripts/jquery-1.8.2.js [36m304 [90m51ms[0m
[90mGET /javascripts/jquery.ui.widget.js [36m304 [90m51ms[0m
[90mGET /javascripts/jquery.ui.accordion.js [36m304 [90m50ms[0m
[90mGET /javascripts/jquery.ui.core.js [36m304 [90m50ms[0m
[90mGET /stylesheets/jquery.ui.all.css [36m304 [90m51ms[0m
[90mGET /stylesheets/style.css [36m304 [90m50ms[0m
[90mGET /javascripts/accordion.js [36m304 [90m2ms[0m
[90mGET /stylesheets/jquery.ui.theme.css [33m404 [90m2ms[0m
[90mGET /stylesheets/jquery.ui.base.css [33m404 [90m2ms[0m
[90mGET /resume [32m200 [90m67ms - 10.98kb[0m
[90mGET /stylesheets/style.css [36m304 [90m2ms[0m
[90mGET /javascripts/jquery.ui.core.js [36m304 [90m3ms[0m
[90mGET /javascripts/jquery-1.8.2.js [36m304 [90m5ms[0m
[90mGET /javascripts/jquery.ui.widget.js [36m304 [90m4ms[0m
[90mGET /javascripts/jquery.ui.accordion.js [36m304 [90m4ms[0m
[90mGET /stylesheets/jquery.ui.all.css [36m304 [90m4ms[0m
[90mGET /javascripts/accordion.js [36m304 [90m1ms[0m
[90mGET /stylesheets/jquery.ui.base.css [33m404 [90m1ms[0m
[90mGET /stylesheets/jquery.ui.theme.css [33m404 [90m1ms[0m
[90mGET /resume [32m200 [90m107ms - 10.98kb[0m
[90mGET /javascripts/jquery-1.8.2.js [36m304 [90m91ms[0m
[90mGET /javascripts/jquery.ui.widget.js [36m304 [90m90ms[0m
[90mGET /javascripts/jquery.ui.accordion.js [36m304 [90m90ms[0m
[90mGET /javascripts/jquery.ui.core.js [36m304 [90m91ms[0m
[90mGET /stylesheets/jquery.ui.all.css [36m304 [90m92ms[0m
[90mGET /stylesheets/style.css [36m304 [90m90ms[0m
[90mGET /javascripts/accordion.js [36m304 [90m2ms[0m
[90mGET /stylesheets/jquery.ui.theme.css [33m404 [90m1ms[0m
[90mGET /stylesheets/jquery.ui.base.css [33m404 [90m2ms[0m
[90mGET /resume [32m200 [90m52ms - 11.02kb[0m
[90mGET /stylesheets/style.css [36m304 [90m3ms[0m
[90mGET /javascripts/jquery.ui.core.js [36m304 [90m0ms[0m
[90mGET /javascripts/jquery.ui.accordion.js [36m304 [90m3ms[0m
[90mGET /javascripts/jquery.ui.widget.js [36m304 [90m3ms[0m
[90mGET /stylesheets/jquery.ui.all.css [36m304 [90m3ms[0m
[90mGET /javascripts/jquery-1.8.2.js [36m304 [90m1ms[0m
[90mGET /javascripts/accordion.js [36m304 [90m0ms[0m
[90mGET /stylesheets/jquery.ui.base.css [33m404 [90m1ms[0m
[90mGET /stylesheets/jquery.ui.theme.css [33m404 [90m0ms[0m
[90mGET /resume [36m304 [90m51ms[0m
[90mGET /stylesheets/style.css [32m200 [90m305ms - 2.98kb[0m
[90mGET /javascripts/jquery-1.8.2.js [36m304 [90m3ms[0m
[90mGET /javascripts/jquery.ui.widget.js [36m304 [90m28ms[0m
[90mGET /javascripts/jquery.ui.accordion.js [36m304 [90m27ms[0m
[90mGET /javascripts/jquery.ui.core.js [36m304 [90m27ms[0m
[90mGET /stylesheets/jquery.ui.all.css [36m304 [90m27ms[0m
[90mGET /javascripts/accordion.js [36m304 [90m2ms[0m
[90mGET /stylesheets/jquery.ui.theme.css [33m404 [90m2ms[0m
[90mGET /stylesheets/jquery.ui.base.css [33m404 [90m1ms[0m
[90mGET / [32m200 [90m46ms - 892[0m
[90mGET /stylesheets/style.css [36m304 [90m3ms[0m
[90mGET /javascripts/jquery.ui.core.js [36m304 [90m3ms[0m
[90mGET /javascripts/jquery-1.8.2.js [36m304 [90m4ms[0m
[90mGET /javascripts/jquery.ui.widget.js [36m304 [90m3ms[0m
[90mGET /javascripts/jquery.ui.accordion.js [36m304 [90m3ms[0m
[90mGET /stylesheets/jquery.ui.all.css [36m304 [90m3ms[0m
[90mGET /javascripts/accordion.js [36m304 [90m1ms[0m
[90mGET /stylesheets/jquery.ui.base.css [33m404 [90m1ms[0m
[90mGET /stylesheets/jquery.ui.theme.css [33m404 [90m1ms[0m
[90mGET /blogs [32m200 [90m26ms - 4.88kb[0m
[90mGET /stylesheets/style.css [36m304 [90m2ms[0m
[90mGET /javascripts/jquery.ui.core.js [36m304 [90m2ms[0m
[90mGET /javascripts/jquery.ui.widget.js [36m304 [90m4ms[0m
[90mGET /javascripts/jquery.ui.accordion.js [36m304 [90m3ms[0m
[90mGET /stylesheets/jquery.ui.all.css [36m304 [90m3ms[0m
[90mGET /javascripts/jquery-1.8.2.js [36m304 [90m2ms[0m
[90mGET /javascripts/accordion.js [36m304 [90m2ms[0m
[90mGET /stylesheets/jquery.ui.base.css [33m404 [90m2ms[0m
[90mGET /stylesheets/jquery.ui.theme.css [33m404 [90m2ms[0m
[90mGET /resume [36m304 [90m49ms[0m
[90mGET /stylesheets/style.css [36m304 [90m2ms[0m
[90mGET /javascripts/jquery.ui.core.js [36m304 [90m2ms[0m
[90mGET /javascripts/jquery.ui.widget.js [36m304 [90m4ms[0m
[90mGET /javascripts/jquery.ui.accordion.js [36m304 [90m3ms[0m
[90mGET /stylesheets/jquery.ui.all.css [36m304 [90m3ms[0m
[90mGET /javascripts/jquery-1.8.2.js [36m304 [90m2ms[0m
[90mGET /javascripts/accordion.js [36m304 [90m2ms[0m
[90mGET /stylesheets/jquery.ui.theme.css [33m404 [90m2ms[0m
[90mGET /stylesheets/jquery.ui.base.css [33m404 [90m2ms[0m
[90mGET /resume [32m200 [90m127ms - 11.03kb[0m
[90mGET /javascripts/jquery.ui.accordion.js [36m304 [90m58ms[0m
[90mGET /javascripts/jquery.ui.core.js [36m304 [90m57ms[0m
[90mGET /javascripts/jquery.ui.widget.js [36m304 [90m58ms[0m
[90mGET /javascripts/jquery-1.8.2.js [36m304 [90m58ms[0m
[90mGET /stylesheets/jquery.ui.all.css [36m304 [90m59ms[0m
[90mGET /stylesheets/style.css [36m304 [90m57ms[0m
[90mGET /javascripts/accordion.js [36m304 [90m1ms[0m
[90mGET /stylesheets/jquery.ui.base.css [33m404 [90m1ms[0m
[90mGET /stylesheets/jquery.ui.theme.css [33m404 [90m1ms[0m
[90mGET /resume [32m200 [90m65ms - 11.02kb[0m
[90mGET /stylesheets/style.css [36m304 [90m2ms[0m
[90mGET /javascripts/jquery.ui.core.js [36m304 [90m1ms[0m
[90mGET /javascripts/jquery.ui.accordion.js [36m304 [90m3ms[0m
[90mGET /stylesheets/jquery.ui.all.css [36m304 [90m3ms[0m
[90mGET /javascripts/jquery-1.8.2.js [36m304 [90m2ms[0m
[90mGET /javascripts/jquery.ui.widget.js [36m304 [90m2ms[0m
[90mGET /javascripts/accordion.js [36m304 [90m0ms[0m
[90mGET /stylesheets/jquery.ui.base.css [33m404 [90m1ms[0m
[90mGET /stylesheets/jquery.ui.theme.css [33m404 [90m1ms[0m
[90mGET /resume [32m200 [90m110ms - 11.01kb[0m
[90mGET /javascripts/jquery-1.8.2.js [36m304 [90m65ms[0m
[90mGET /javascripts/jquery.ui.widget.js [36m304 [90m65ms[0m
[90mGET /javascripts/jquery.ui.accordion.js [36m304 [90m64ms[0m
[90mGET /javascripts/jquery.ui.core.js [36m304 [90m64ms[0m
[90mGET /stylesheets/jquery.ui.all.css [36m304 [90m65ms[0m
[90mGET /stylesheets/style.css [36m304 [90m85ms[0m
[90mGET /javascripts/accordion.js [36m304 [90m1ms[0m
[90mGET /stylesheets/jquery.ui.theme.css [33m404 [90m3ms[0m
[90mGET /stylesheets/jquery.ui.base.css [33m404 [90m2ms[0m
[90mGET /resume [32m200 [90m65ms - 11.02kb[0m
[90mGET /stylesheets/style.css [36m304 [90m2ms[0m
[90mGET /javascripts/jquery.ui.core.js [36m304 [90m1ms[0m
[90mGET /javascripts/jquery.ui.accordion.js [36m304 [90m2ms[0m
[90mGET /stylesheets/jquery.ui.all.css [36m304 [90m4ms[0m
[90mGET /javascripts/jquery-1.8.2.js [36m304 [90m2ms[0m
[90mGET /javascripts/jquery.ui.widget.js [36m304 [90m2ms[0m
[90mGET /javascripts/accordion.js [36m304 [90m1ms[0m
[90mGET /stylesheets/jquery.ui.theme.css [33m404 [90m2ms[0m
[90mGET /stylesheets/jquery.ui.base.css [33m404 [90m1ms[0m
[90mGET /resume [32m200 [90m48ms - 11.03kb[0m
[90mGET /stylesheets/style.css [36m304 [90m2ms[0m
[90mGET /javascripts/jquery.ui.core.js [36m304 [90m2ms[0m
[90mGET /javascripts/jquery.ui.widget.js [36m304 [90m3ms[0m
[90mGET /javascripts/jquery.ui.accordion.js [36m304 [90m2ms[0m
[90mGET /stylesheets/jquery.ui.all.css [36m304 [90m3ms[0m
[90mGET /javascripts/jquery-1.8.2.js [36m304 [90m1ms[0m
[90mGET /javascripts/accordion.js [36m304 [90m1ms[0m
[90mGET /stylesheets/jquery.ui.theme.css [33m404 [90m2ms[0m
[90mGET /stylesheets/jquery.ui.base.css [33m404 [90m1ms[0m
[90mGET /resume [32m200 [90m77ms - 11kb[0m
[90mGET /stylesheets/style.css [36m304 [90m3ms[0m
[90mGET /javascripts/jquery.ui.core.js [36m304 [90m1ms[0m
[90mGET /javascripts/jquery.ui.accordion.js [36m304 [90m2ms[0m
[90mGET /javascripts/jquery-1.8.2.js [36m304 [90m3ms[0m
[90mGET /javascripts/jquery.ui.widget.js [36m304 [90m2ms[0m
[90mGET /stylesheets/jquery.ui.all.css [36m304 [90m3ms[0m
[90mGET /javascripts/accordion.js [36m304 [90m2ms[0m
[90mGET /stylesheets/jquery.ui.theme.css [33m404 [90m1ms[0m
[90mGET /stylesheets/jquery.ui.base.css [33m404 [90m1ms[0m
